mode: set
pvz/cmd/main.go:20.13,24.38 2 0
pvz/cmd/main.go:24.38,26.3 1 0
pvz/cmd/main.go:27.2,32.37 3 0
pvz/cmd/main.go:32.37,34.3 1 0
pvz/cmd/main.go:37.2,37.40 1 0
pvz/cmd/main.go:37.40,39.3 1 0
pvz/cmd/main.go:42.2,50.16 2 0
pvz/cmd/main.go:50.16,52.3 1 0
pvz/cmd/main.go:55.2,61.80 5 0
pvz/cmd/main.go:61.80,63.3 1 0
pvz/cmd/main.go:66.25,70.2 3 0
pvz/internal/api/handler/handler.go:15.72,20.2 1 0
pvz/internal/api/handler/handler.go:22.44,36.2 11 0
pvz/internal/api/handler/product.go:13.46,16.47 2 0
pvz/internal/api/handler/product.go:16.47,20.3 3 0
pvz/internal/api/handler/product.go:22.2,23.16 2 0
pvz/internal/api/handler/product.go:23.16,27.3 3 0
pvz/internal/api/handler/product.go:29.2,32.16 3 0
pvz/internal/api/handler/product.go:32.16,36.3 3 0
pvz/internal/api/handler/product.go:38.2,40.40 2 0
pvz/internal/api/handler/product.go:43.53,46.16 3 0
pvz/internal/api/handler/product.go:46.16,50.3 3 0
pvz/internal/api/handler/product.go:52.2,55.16 3 0
pvz/internal/api/handler/product.go:55.16,59.3 3 0
pvz/internal/api/handler/product.go:61.2,63.78 2 0
pvz/internal/api/handler/pvz.go:15.45,18.47 2 0
pvz/internal/api/handler/pvz.go:18.47,22.3 3 0
pvz/internal/api/handler/pvz.go:24.2,29.16 4 0
pvz/internal/api/handler/pvz.go:29.16,33.3 3 0
pvz/internal/api/handler/pvz.go:35.2,38.41 3 0
pvz/internal/api/handler/pvz.go:41.42,51.16 7 0
pvz/internal/api/handler/pvz.go:51.16,55.3 3 0
pvz/internal/api/handler/pvz.go:57.2,58.16 2 0
pvz/internal/api/handler/pvz.go:58.16,62.3 3 0
pvz/internal/api/handler/pvz.go:64.2,66.24 2 0
pvz/internal/api/handler/pvz.go:66.24,68.17 2 0
pvz/internal/api/handler/pvz.go:68.17,72.4 3 0
pvz/internal/api/handler/pvz.go:73.3,73.16 1 0
pvz/internal/api/handler/pvz.go:76.2,76.22 1 0
pvz/internal/api/handler/pvz.go:76.22,78.17 2 0
pvz/internal/api/handler/pvz.go:78.17,82.4 3 0
pvz/internal/api/handler/pvz.go:83.3,83.14 1 0
pvz/internal/api/handler/pvz.go:86.2,87.16 2 0
pvz/internal/api/handler/pvz.go:87.16,91.3 3 0
pvz/internal/api/handler/pvz.go:93.2,94.31 2 0
pvz/internal/api/handler/pvz.go:97.56,104.33 2 0
pvz/internal/api/handler/pvz.go:104.33,105.52 1 0
pvz/internal/api/handler/pvz.go:105.52,107.4 1 0
pvz/internal/api/handler/pvz.go:109.2,110.54 2 0
pvz/internal/api/handler/reception.go:13.51,16.47 2 0
pvz/internal/api/handler/reception.go:16.47,20.3 3 0
pvz/internal/api/handler/reception.go:22.2,25.16 3 0
pvz/internal/api/handler/reception.go:25.16,29.3 3 0
pvz/internal/api/handler/reception.go:31.2,34.34 3 0
pvz/internal/api/handler/reception.go:37.50,40.16 3 0
pvz/internal/api/handler/reception.go:40.16,44.3 3 0
pvz/internal/api/handler/reception.go:46.2,49.16 3 0
pvz/internal/api/handler/reception.go:49.16,53.3 3 0
pvz/internal/api/handler/reception.go:55.2,57.74 2 0
pvz/internal/api/handler/user.go:11.46,14.47 2 0
pvz/internal/api/handler/user.go:14.47,18.3 3 0
pvz/internal/api/handler/user.go:20.2,21.16 2 0
pvz/internal/api/handler/user.go:21.16,25.3 3 0
pvz/internal/api/handler/user.go:27.2,28.46 2 0
pvz/internal/api/handler/user.go:31.44,34.47 2 0
pvz/internal/api/handler/user.go:34.47,38.3 3 0
pvz/internal/api/handler/user.go:40.2,43.16 3 0
pvz/internal/api/handler/user.go:43.16,47.3 3 0
pvz/internal/api/handler/user.go:49.2,52.34 3 0
pvz/internal/api/handler/user.go:55.41,58.47 2 0
pvz/internal/api/handler/user.go:58.47,62.3 3 0
pvz/internal/api/handler/user.go:64.2,65.16 2 0
pvz/internal/api/handler/user.go:65.16,69.3 3 0
pvz/internal/api/handler/user.go:71.2,72.46 2 0
pvz/internal/logger/logger.go:30.19,66.2 19 0
pvz/internal/logger/logger.go:68.76,70.2 1 0
pvz/internal/logger/logger.go:72.77,74.2 1 0
pvz/internal/logger/logger.go:76.77,78.2 1 0
pvz/internal/logger/logger.go:80.76,82.2 1 0
pvz/internal/logger/logger.go:84.41,86.2 1 0
pvz/internal/logger/logger.go:88.72,91.2 2 0
pvz/internal/db/db.go:18.50,23.16 3 0
pvz/internal/db/db.go:23.16,25.3 1 0
pvz/internal/db/db.go:27.2,27.34 1 0
pvz/internal/db/db.go:27.34,29.3 1 0
pvz/internal/db/db.go:31.2,31.16 1 0
pvz/internal/api/mapper/product.go:8.59,12.2 1 0
pvz/internal/api/mapper/product.go:14.72,21.2 1 0
pvz/internal/api/mapper/pvz.go:8.47,12.2 1 0
pvz/internal/api/mapper/pvz.go:14.56,20.2 1 0
pvz/internal/api/mapper/reception.go:9.65,11.16 2 0
pvz/internal/api/mapper/reception.go:11.16,13.3 1 0
pvz/internal/api/mapper/reception.go:15.2,17.3 1 0
pvz/internal/api/mapper/reception.go:20.80,27.2 1 0
pvz/internal/api/mapper/user.go:8.58,14.2 1 0
pvz/internal/api/mapper/user.go:16.68,22.2 1 0
pvz/internal/middleware/jwt/jwt.go:14.54,15.30 1 0
pvz/internal/middleware/jwt/jwt.go:15.30,17.23 2 0
pvz/internal/middleware/jwt/jwt.go:17.23,21.4 3 0
pvz/internal/middleware/jwt/jwt.go:23.3,24.29 2 0
pvz/internal/middleware/jwt/jwt.go:24.29,28.4 3 0
pvz/internal/middleware/jwt/jwt.go:30.3,30.113 1 0
pvz/internal/middleware/jwt/jwt.go:30.113,32.4 1 0
pvz/internal/middleware/jwt/jwt.go:33.3,33.33 1 0
pvz/internal/middleware/jwt/jwt.go:33.33,37.4 3 0
pvz/internal/middleware/jwt/jwt.go:39.3,40.10 2 0
pvz/internal/middleware/jwt/jwt.go:40.10,44.4 3 0
pvz/internal/middleware/jwt/jwt.go:46.3,46.30 1 0
pvz/internal/middleware/jwt/jwt.go:46.30,47.27 1 0
pvz/internal/middleware/jwt/jwt.go:47.27,52.5 4 0
pvz/internal/middleware/jwt/jwt.go:55.3,56.79 2 0
pvz/internal/repository/product.go:21.74,26.2 1 0
pvz/internal/repository/product.go:28.108,36.16 4 0
pvz/internal/repository/product.go:36.16,39.3 2 0
pvz/internal/repository/product.go:41.2,42.21 2 0
pvz/internal/repository/product.go:45.118,56.16 4 0
pvz/internal/repository/product.go:56.16,57.36 1 0
pvz/internal/repository/product.go:57.36,60.4 2 0
pvz/internal/repository/product.go:61.3,62.72 2 0
pvz/internal/repository/product.go:65.2,66.16 2 0
pvz/internal/repository/product.go:69.93,73.16 3 0
pvz/internal/repository/product.go:73.16,76.3 2 0
pvz/internal/repository/product.go:78.2,79.12 2 0
pvz/internal/repository/product.go:82.121,89.16 5 0
pvz/internal/repository/product.go:89.16,92.3 2 0
pvz/internal/repository/product.go:94.2,95.20 2 0
pvz/internal/repository/pvz.go:18.66,23.2 1 0
pvz/internal/repository/pvz.go:25.86,37.16 5 0
pvz/internal/repository/pvz.go:37.16,40.3 2 0
pvz/internal/repository/pvz.go:42.2,43.17 2 0
pvz/internal/repository/pvz.go:46.141,61.16 5 0
pvz/internal/repository/pvz.go:61.16,64.3 2 0
pvz/internal/repository/pvz.go:66.2,67.21 2 0
pvz/internal/repository/reception.go:20.78,25.2 1 0
pvz/internal/repository/reception.go:27.108,37.88 4 0
pvz/internal/repository/reception.go:37.88,40.3 2 0
pvz/internal/repository/reception.go:42.2,43.23 2 0
pvz/internal/repository/reception.go:46.109,56.16 4 0
pvz/internal/repository/reception.go:56.16,57.36 1 0
pvz/internal/repository/reception.go:57.36,60.4 2 0
pvz/internal/repository/reception.go:61.3,62.75 2 0
pvz/internal/repository/reception.go:65.2,66.25 2 0
pvz/internal/repository/reception.go:69.88,77.16 3 0
pvz/internal/repository/reception.go:77.16,80.3 2 0
pvz/internal/repository/reception.go:82.2,83.12 2 0
pvz/internal/repository/reception.go:86.115,93.16 5 0
pvz/internal/repository/reception.go:93.16,96.3 2 0
pvz/internal/repository/reception.go:98.2,99.24 2 0
pvz/internal/repository/repository.go:45.64,52.2 1 0
pvz/internal/repository/user.go:18.68,23.2 1 0
pvz/internal/repository/user.go:25.92,35.16 4 0
pvz/internal/repository/user.go:35.16,38.3 2 0
pvz/internal/repository/user.go:40.2,41.16 2 0
pvz/internal/repository/user.go:44.94,49.16 4 0
pvz/internal/repository/user.go:49.16,52.3 2 0
pvz/internal/repository/user.go:54.2,54.18 1 0
pvz/cmd/main.go:20.13,24.38 2 0
pvz/cmd/main.go:24.38,26.3 1 0
pvz/cmd/main.go:27.2,32.37 3 0
pvz/cmd/main.go:32.37,34.3 1 0
pvz/cmd/main.go:37.2,37.40 1 0
pvz/cmd/main.go:37.40,39.3 1 0
pvz/cmd/main.go:42.2,50.16 2 0
pvz/cmd/main.go:50.16,52.3 1 0
pvz/cmd/main.go:55.2,61.80 5 0
pvz/cmd/main.go:61.80,63.3 1 0
pvz/cmd/main.go:66.25,70.2 3 0
pvz/internal/api/handler/handler.go:15.72,20.2 1 1
pvz/internal/api/handler/handler.go:22.44,36.2 11 0
pvz/internal/api/handler/product.go:13.46,16.47 2 0
pvz/internal/api/handler/product.go:16.47,20.3 3 0
pvz/internal/api/handler/product.go:22.2,23.16 2 0
pvz/internal/api/handler/product.go:23.16,27.3 3 0
pvz/internal/api/handler/product.go:29.2,32.16 3 0
pvz/internal/api/handler/product.go:32.16,36.3 3 0
pvz/internal/api/handler/product.go:38.2,40.40 2 0
pvz/internal/api/handler/product.go:43.53,46.16 3 0
pvz/internal/api/handler/product.go:46.16,50.3 3 0
pvz/internal/api/handler/product.go:52.2,55.16 3 0
pvz/internal/api/handler/product.go:55.16,59.3 3 0
pvz/internal/api/handler/product.go:61.2,63.78 2 0
pvz/internal/api/handler/pvz.go:15.45,18.47 2 0
pvz/internal/api/handler/pvz.go:18.47,22.3 3 0
pvz/internal/api/handler/pvz.go:24.2,29.16 4 0
pvz/internal/api/handler/pvz.go:29.16,33.3 3 0
pvz/internal/api/handler/pvz.go:35.2,38.41 3 0
pvz/internal/api/handler/pvz.go:41.42,51.16 7 0
pvz/internal/api/handler/pvz.go:51.16,55.3 3 0
pvz/internal/api/handler/pvz.go:57.2,58.16 2 0
pvz/internal/api/handler/pvz.go:58.16,62.3 3 0
pvz/internal/api/handler/pvz.go:64.2,66.24 2 0
pvz/internal/api/handler/pvz.go:66.24,68.17 2 0
pvz/internal/api/handler/pvz.go:68.17,72.4 3 0
pvz/internal/api/handler/pvz.go:73.3,73.16 1 0
pvz/internal/api/handler/pvz.go:76.2,76.22 1 0
pvz/internal/api/handler/pvz.go:76.22,78.17 2 0
pvz/internal/api/handler/pvz.go:78.17,82.4 3 0
pvz/internal/api/handler/pvz.go:83.3,83.14 1 0
pvz/internal/api/handler/pvz.go:86.2,87.16 2 0
pvz/internal/api/handler/pvz.go:87.16,91.3 3 0
pvz/internal/api/handler/pvz.go:93.2,94.31 2 0
pvz/internal/api/handler/pvz.go:97.56,104.33 2 0
pvz/internal/api/handler/pvz.go:104.33,105.52 1 0
pvz/internal/api/handler/pvz.go:105.52,107.4 1 0
pvz/internal/api/handler/pvz.go:109.2,110.54 2 0
pvz/internal/api/handler/reception.go:13.51,16.47 2 0
pvz/internal/api/handler/reception.go:16.47,20.3 3 0
pvz/internal/api/handler/reception.go:22.2,25.16 3 0
pvz/internal/api/handler/reception.go:25.16,29.3 3 0
pvz/internal/api/handler/reception.go:31.2,34.34 3 0
pvz/internal/api/handler/reception.go:37.50,40.16 3 0
pvz/internal/api/handler/reception.go:40.16,44.3 3 0
pvz/internal/api/handler/reception.go:46.2,49.16 3 0
pvz/internal/api/handler/reception.go:49.16,53.3 3 0
pvz/internal/api/handler/reception.go:55.2,57.74 2 0
pvz/internal/api/handler/user.go:11.46,14.47 2 1
pvz/internal/api/handler/user.go:14.47,18.3 3 1
pvz/internal/api/handler/user.go:20.2,21.16 2 1
pvz/internal/api/handler/user.go:21.16,25.3 3 1
pvz/internal/api/handler/user.go:27.2,28.46 2 1
pvz/internal/api/handler/user.go:31.44,34.47 2 1
pvz/internal/api/handler/user.go:34.47,38.3 3 1
pvz/internal/api/handler/user.go:40.2,43.16 3 1
pvz/internal/api/handler/user.go:43.16,47.3 3 1
pvz/internal/api/handler/user.go:49.2,52.34 3 1
pvz/internal/api/handler/user.go:55.41,58.47 2 1
pvz/internal/api/handler/user.go:58.47,62.3 3 1
pvz/internal/api/handler/user.go:64.2,65.16 2 1
pvz/internal/api/handler/user.go:65.16,69.3 3 1
pvz/internal/api/handler/user.go:71.2,72.46 2 1
pvz/internal/api/mapper/product.go:8.59,12.2 1 0
pvz/internal/api/mapper/product.go:14.72,21.2 1 0
pvz/internal/api/mapper/pvz.go:8.47,12.2 1 0
pvz/internal/api/mapper/pvz.go:14.56,20.2 1 0
pvz/internal/api/mapper/reception.go:9.65,11.16 2 0
pvz/internal/api/mapper/reception.go:11.16,13.3 1 0
pvz/internal/api/mapper/reception.go:15.2,17.3 1 0
pvz/internal/api/mapper/reception.go:20.80,27.2 1 0
pvz/internal/api/mapper/user.go:8.58,14.2 1 1
pvz/internal/api/mapper/user.go:16.68,22.2 1 1
pvz/internal/db/db.go:18.50,23.16 3 0
pvz/internal/db/db.go:23.16,25.3 1 0
pvz/internal/db/db.go:27.2,27.34 1 0
pvz/internal/db/db.go:27.34,29.3 1 0
pvz/internal/db/db.go:31.2,31.16 1 0
pvz/internal/logger/logger.go:30.19,66.2 19 0
pvz/internal/logger/logger.go:68.76,70.2 1 0
pvz/internal/logger/logger.go:72.77,74.2 1 0
pvz/internal/logger/logger.go:76.77,78.2 1 0
pvz/internal/logger/logger.go:80.76,82.2 1 0
pvz/internal/logger/logger.go:84.41,86.2 1 0
pvz/internal/logger/logger.go:88.72,91.2 2 0
pvz/internal/middleware/jwt/jwt.go:14.54,15.30 1 0
pvz/internal/middleware/jwt/jwt.go:15.30,17.23 2 0
pvz/internal/middleware/jwt/jwt.go:17.23,21.4 3 0
pvz/internal/middleware/jwt/jwt.go:23.3,24.29 2 0
pvz/internal/middleware/jwt/jwt.go:24.29,28.4 3 0
pvz/internal/middleware/jwt/jwt.go:30.3,30.113 1 0
pvz/internal/middleware/jwt/jwt.go:30.113,32.4 1 0
pvz/internal/middleware/jwt/jwt.go:33.3,33.33 1 0
pvz/internal/middleware/jwt/jwt.go:33.33,37.4 3 0
pvz/internal/middleware/jwt/jwt.go:39.3,40.10 2 0
pvz/internal/middleware/jwt/jwt.go:40.10,44.4 3 0
pvz/internal/middleware/jwt/jwt.go:46.3,46.30 1 0
pvz/internal/middleware/jwt/jwt.go:46.30,47.27 1 0
pvz/internal/middleware/jwt/jwt.go:47.27,52.5 4 0
pvz/internal/middleware/jwt/jwt.go:55.3,56.79 2 0
pvz/internal/repository/product.go:21.74,26.2 1 0
pvz/internal/repository/product.go:28.108,36.16 4 0
pvz/internal/repository/product.go:36.16,39.3 2 0
pvz/internal/repository/product.go:41.2,42.21 2 0
pvz/internal/repository/product.go:45.118,56.16 4 0
pvz/internal/repository/product.go:56.16,57.36 1 0
pvz/internal/repository/product.go:57.36,60.4 2 0
pvz/internal/repository/product.go:61.3,62.72 2 0
pvz/internal/repository/product.go:65.2,66.16 2 0
pvz/internal/repository/product.go:69.93,73.16 3 0
pvz/internal/repository/product.go:73.16,76.3 2 0
pvz/internal/repository/product.go:78.2,79.12 2 0
pvz/internal/repository/product.go:82.121,89.16 5 0
pvz/internal/repository/product.go:89.16,92.3 2 0
pvz/internal/repository/product.go:94.2,95.20 2 0
pvz/internal/repository/pvz.go:18.66,23.2 1 0
pvz/internal/repository/pvz.go:25.86,37.16 5 0
pvz/internal/repository/pvz.go:37.16,40.3 2 0
pvz/internal/repository/pvz.go:42.2,43.17 2 0
pvz/internal/repository/pvz.go:46.141,61.16 5 0
pvz/internal/repository/pvz.go:61.16,64.3 2 0
pvz/internal/repository/pvz.go:66.2,67.21 2 0
pvz/internal/repository/reception.go:20.78,25.2 1 0
pvz/internal/repository/reception.go:27.108,37.88 4 0
pvz/internal/repository/reception.go:37.88,40.3 2 0
pvz/internal/repository/reception.go:42.2,43.23 2 0
pvz/internal/repository/reception.go:46.109,56.16 4 0
pvz/internal/repository/reception.go:56.16,57.36 1 0
pvz/internal/repository/reception.go:57.36,60.4 2 0
pvz/internal/repository/reception.go:61.3,62.75 2 0
pvz/internal/repository/reception.go:65.2,66.25 2 0
pvz/internal/repository/reception.go:69.88,77.16 3 0
pvz/internal/repository/reception.go:77.16,80.3 2 0
pvz/internal/repository/reception.go:82.2,83.12 2 0
pvz/internal/repository/reception.go:86.115,93.16 5 0
pvz/internal/repository/reception.go:93.16,96.3 2 0
pvz/internal/repository/reception.go:98.2,99.24 2 0
pvz/internal/repository/repository.go:45.64,52.2 1 0
pvz/internal/repository/user.go:18.68,23.2 1 0
pvz/internal/repository/user.go:25.92,35.16 4 0
pvz/internal/repository/user.go:35.16,38.3 2 0
pvz/internal/repository/user.go:40.2,41.16 2 0
pvz/internal/repository/user.go:44.94,49.16 4 0
pvz/internal/repository/user.go:49.16,52.3 2 0
pvz/internal/repository/user.go:54.2,54.18 1 0
pvz/internal/service/product.go:19.127,25.2 1 0
pvz/internal/service/product.go:27.118,31.16 3 0
pvz/internal/service/product.go:31.16,34.3 2 0
pvz/internal/service/product.go:36.2,42.16 3 0
pvz/internal/service/product.go:42.16,45.3 2 0
pvz/internal/service/product.go:47.2,48.21 2 0
pvz/internal/service/product.go:51.88,55.16 3 0
pvz/internal/service/product.go:55.16,58.3 2 0
pvz/internal/service/product.go:59.2,59.29 1 0
pvz/internal/service/product.go:59.29,62.3 2 0
pvz/internal/service/product.go:64.2,65.16 2 0
pvz/internal/service/product.go:65.16,68.3 2 0
pvz/internal/service/product.go:69.2,69.31 1 0
pvz/internal/service/product.go:69.31,72.3 2 0
pvz/internal/service/product.go:74.2,75.16 2 0
pvz/internal/service/product.go:75.16,78.3 2 0
pvz/internal/service/product.go:80.2,81.12 2 0
pvz/internal/service/pvz.go:22.65,29.2 1 0
pvz/internal/service/pvz.go:31.87,35.16 3 0
pvz/internal/service/pvz.go:35.16,38.3 2 0
pvz/internal/service/pvz.go:40.2,41.17 2 0
pvz/internal/service/pvz.go:44.140,48.16 3 0
pvz/internal/service/pvz.go:48.16,51.3 2 0
pvz/internal/service/pvz.go:53.2,55.30 2 0
pvz/internal/service/pvz.go:55.30,59.17 3 0
pvz/internal/service/pvz.go:59.17,62.4 2 0
pvz/internal/service/pvz.go:64.3,66.34 2 0
pvz/internal/service/pvz.go:66.34,70.18 3 0
pvz/internal/service/pvz.go:70.18,73.5 2 0
pvz/internal/service/pvz.go:75.4,76.31 2 0
pvz/internal/service/pvz.go:76.31,83.5 1 0
pvz/internal/service/pvz.go:85.4,93.6 1 0
pvz/internal/service/pvz.go:96.3,105.62 2 0
pvz/internal/service/pvz.go:108.2,109.26 2 0
pvz/internal/service/reception.go:18.99,23.2 1 0
pvz/internal/service/reception.go:25.107,29.16 3 0
pvz/internal/service/reception.go:29.16,31.3 1 0
pvz/internal/service/reception.go:32.2,32.29 1 0
pvz/internal/service/reception.go:32.29,35.3 2 0
pvz/internal/service/reception.go:37.2,40.16 3 0
pvz/internal/service/reception.go:40.16,43.3 2 0
pvz/internal/service/reception.go:45.2,46.23 2 0
pvz/internal/service/reception.go:49.87,53.16 3 0
pvz/internal/service/reception.go:53.16,56.3 2 0
pvz/internal/service/reception.go:58.2,58.29 1 0
pvz/internal/service/reception.go:58.29,61.3 2 0
pvz/internal/service/reception.go:63.2,64.16 2 0
pvz/internal/service/reception.go:64.16,67.3 2 0
pvz/internal/service/reception.go:69.2,71.12 2 0
pvz/internal/service/service.go:42.75,49.2 1 0
pvz/internal/service/user.go:23.79,28.2 1 0
pvz/internal/service/user.go:30.92,32.16 2 0
pvz/internal/service/user.go:32.16,35.3 2 0
pvz/internal/service/user.go:37.2,40.16 3 0
pvz/internal/service/user.go:40.16,42.3 1 0
pvz/internal/service/user.go:44.2,46.18 3 0
pvz/internal/service/user.go:49.60,51.16 2 0
pvz/internal/service/user.go:51.16,53.3 1 0
pvz/internal/service/user.go:55.2,55.36 1 0
pvz/internal/service/user.go:58.94,60.16 2 0
pvz/internal/service/user.go:60.16,62.3 1 0
pvz/internal/service/user.go:64.2,64.94 1 0
pvz/internal/service/user.go:64.94,67.3 2 0
pvz/internal/service/user.go:69.2,81.16 4 0
pvz/internal/service/user.go:81.16,84.3 2 0
pvz/internal/service/user.go:86.2,87.25 2 0
pvz/internal/service/user.go:90.84,102.16 4 0
pvz/internal/service/user.go:102.16,105.3 2 0
pvz/internal/service/user.go:107.2,108.25 2 0
pvz/mocks/log_mock.go:11.70,13.2 1 1
pvz/mocks/log_mock.go:15.71,17.2 1 1
pvz/mocks/log_mock.go:19.71,21.2 1 0
pvz/mocks/log_mock.go:23.70,25.2 1 1
pvz/mocks/log_mock.go:27.35,30.2 2 0
pvz/mocks/repo_mock.go:16.96,19.2 2 0
pvz/mocks/repo_mock.go:21.98,24.2 2 0
pvz/mocks/repo_mock.go:30.92,33.2 2 0
pvz/mocks/repo_mock.go:35.147,37.24 2 0
pvz/mocks/repo_mock.go:37.24,39.3 1 0
pvz/mocks/repo_mock.go:40.2,40.49 1 0
pvz/mocks/repo_mock.go:47.121,49.24 2 0
pvz/mocks/repo_mock.go:49.24,51.3 1 0
pvz/mocks/repo_mock.go:52.2,52.55 1 0
pvz/mocks/repo_mock.go:55.114,58.2 2 0
pvz/mocks/repo_mock.go:60.115,63.2 2 0
pvz/mocks/repo_mock.go:65.94,68.2 2 0
pvz/mocks/repo_mock.go:74.127,76.24 2 0
pvz/mocks/repo_mock.go:76.24,78.3 1 0
pvz/mocks/repo_mock.go:79.2,79.53 1 0
pvz/mocks/repo_mock.go:82.114,85.2 2 0
pvz/mocks/repo_mock.go:87.124,90.2 2 0
pvz/mocks/repo_mock.go:92.99,95.2 2 0
pvz/mocks/service_mock.go:28.53,32.2 3 1
pvz/mocks/service_mock.go:35.51,37.2 1 1
pvz/mocks/service_mock.go:40.89,46.2 5 1
pvz/mocks/service_mock.go:49.72,52.2 2 1
pvz/mocks/service_mock.go:55.81,61.2 5 1
pvz/mocks/service_mock.go:64.72,67.2 2 1
pvz/mocks/service_mock.go:70.91,76.2 5 1
pvz/mocks/service_mock.go:79.82,82.2 2 1
pvz/mocks/service_mock.go:97.51,101.2 3 0
pvz/mocks/service_mock.go:104.49,106.2 1 0
pvz/mocks/service_mock.go:109.84,115.2 5 0
pvz/mocks/service_mock.go:118.69,121.2 2 0
pvz/mocks/service_mock.go:124.137,130.2 5 0
pvz/mocks/service_mock.go:133.100,136.2 2 0
pvz/mocks/service_mock.go:151.63,155.2 3 0
pvz/mocks/service_mock.go:158.61,160.2 1 0
pvz/mocks/service_mock.go:163.84,168.2 4 0
pvz/mocks/service_mock.go:171.82,174.2 2 0
pvz/mocks/service_mock.go:177.104,183.2 5 0
pvz/mocks/service_mock.go:186.83,189.2 2 0
pvz/mocks/service_mock.go:204.59,208.2 3 0
pvz/mocks/service_mock.go:211.57,213.2 1 0
pvz/mocks/service_mock.go:216.115,222.2 5 0
pvz/mocks/service_mock.go:225.89,228.2 2 0
pvz/mocks/service_mock.go:231.85,236.2 4 0
pvz/mocks/service_mock.go:239.83,242.2 2 0
pvz/server/server.go:13.63,22.2 2 0
pvz/server/server.go:24.54,26.2 1 0
pvz/internal/service/product.go:19.127,25.2 1 0
pvz/internal/service/product.go:27.118,31.16 3 0
pvz/internal/service/product.go:31.16,34.3 2 0
pvz/internal/service/product.go:36.2,42.16 3 0
pvz/internal/service/product.go:42.16,45.3 2 0
pvz/internal/service/product.go:47.2,48.21 2 0
pvz/internal/service/product.go:51.88,55.16 3 0
pvz/internal/service/product.go:55.16,58.3 2 0
pvz/internal/service/product.go:59.2,59.29 1 0
pvz/internal/service/product.go:59.29,62.3 2 0
pvz/internal/service/product.go:64.2,65.16 2 0
pvz/internal/service/product.go:65.16,68.3 2 0
pvz/internal/service/product.go:69.2,69.31 1 0
pvz/internal/service/product.go:69.31,72.3 2 0
pvz/internal/service/product.go:74.2,75.16 2 0
pvz/internal/service/product.go:75.16,78.3 2 0
pvz/internal/service/product.go:80.2,81.12 2 0
pvz/internal/service/pvz.go:22.65,29.2 1 0
pvz/internal/service/pvz.go:31.87,35.16 3 0
pvz/internal/service/pvz.go:35.16,38.3 2 0
pvz/internal/service/pvz.go:40.2,41.17 2 0
pvz/internal/service/pvz.go:44.140,48.16 3 0
pvz/internal/service/pvz.go:48.16,51.3 2 0
pvz/internal/service/pvz.go:53.2,55.30 2 0
pvz/internal/service/pvz.go:55.30,59.17 3 0
pvz/internal/service/pvz.go:59.17,62.4 2 0
pvz/internal/service/pvz.go:64.3,66.34 2 0
pvz/internal/service/pvz.go:66.34,70.18 3 0
pvz/internal/service/pvz.go:70.18,73.5 2 0
pvz/internal/service/pvz.go:75.4,76.31 2 0
pvz/internal/service/pvz.go:76.31,83.5 1 0
pvz/internal/service/pvz.go:85.4,93.6 1 0
pvz/internal/service/pvz.go:96.3,105.62 2 0
pvz/internal/service/pvz.go:108.2,109.26 2 0
pvz/internal/service/reception.go:18.99,23.2 1 0
pvz/internal/service/reception.go:25.107,29.16 3 0
pvz/internal/service/reception.go:29.16,31.3 1 0
pvz/internal/service/reception.go:32.2,32.29 1 0
pvz/internal/service/reception.go:32.29,35.3 2 0
pvz/internal/service/reception.go:37.2,40.16 3 0
pvz/internal/service/reception.go:40.16,43.3 2 0
pvz/internal/service/reception.go:45.2,46.23 2 0
pvz/internal/service/reception.go:49.87,53.16 3 0
pvz/internal/service/reception.go:53.16,56.3 2 0
pvz/internal/service/reception.go:58.2,58.29 1 0
pvz/internal/service/reception.go:58.29,61.3 2 0
pvz/internal/service/reception.go:63.2,64.16 2 0
pvz/internal/service/reception.go:64.16,67.3 2 0
pvz/internal/service/reception.go:69.2,71.12 2 0
pvz/internal/service/service.go:42.75,49.2 1 0
pvz/internal/service/user.go:23.79,28.2 1 0
pvz/internal/service/user.go:30.92,32.16 2 0
pvz/internal/service/user.go:32.16,35.3 2 0
pvz/internal/service/user.go:37.2,40.16 3 0
pvz/internal/service/user.go:40.16,42.3 1 0
pvz/internal/service/user.go:44.2,46.18 3 0
pvz/internal/service/user.go:49.60,51.16 2 0
pvz/internal/service/user.go:51.16,53.3 1 0
pvz/internal/service/user.go:55.2,55.36 1 0
pvz/internal/service/user.go:58.94,60.16 2 0
pvz/internal/service/user.go:60.16,62.3 1 0
pvz/internal/service/user.go:64.2,64.94 1 0
pvz/internal/service/user.go:64.94,67.3 2 0
pvz/internal/service/user.go:69.2,81.16 4 0
pvz/internal/service/user.go:81.16,84.3 2 0
pvz/internal/service/user.go:86.2,87.25 2 0
pvz/internal/service/user.go:90.84,102.16 4 0
pvz/internal/service/user.go:102.16,105.3 2 0
pvz/internal/service/user.go:107.2,108.25 2 0
pvz/mocks/log_mock.go:11.70,13.2 1 0
pvz/mocks/log_mock.go:15.71,17.2 1 0
pvz/mocks/log_mock.go:19.71,21.2 1 0
pvz/mocks/log_mock.go:23.70,25.2 1 0
pvz/mocks/log_mock.go:27.35,30.2 2 0
pvz/mocks/repo_mock.go:16.96,19.2 2 0
pvz/mocks/repo_mock.go:21.98,24.2 2 0
pvz/mocks/repo_mock.go:30.92,33.2 2 0
pvz/mocks/repo_mock.go:35.147,37.24 2 0
pvz/mocks/repo_mock.go:37.24,39.3 1 0
pvz/mocks/repo_mock.go:40.2,40.49 1 0
pvz/mocks/repo_mock.go:47.121,49.24 2 0
pvz/mocks/repo_mock.go:49.24,51.3 1 0
pvz/mocks/repo_mock.go:52.2,52.55 1 0
pvz/mocks/repo_mock.go:55.114,58.2 2 0
pvz/mocks/repo_mock.go:60.115,63.2 2 0
pvz/mocks/repo_mock.go:65.94,68.2 2 0
pvz/mocks/repo_mock.go:74.127,76.24 2 0
pvz/mocks/repo_mock.go:76.24,78.3 1 0
pvz/mocks/repo_mock.go:79.2,79.53 1 0
pvz/mocks/repo_mock.go:82.114,85.2 2 0
pvz/mocks/repo_mock.go:87.124,90.2 2 0
pvz/mocks/repo_mock.go:92.99,95.2 2 0
pvz/mocks/service_mock.go:28.53,32.2 3 0
pvz/mocks/service_mock.go:35.51,37.2 1 0
pvz/mocks/service_mock.go:40.89,46.2 5 0
pvz/mocks/service_mock.go:49.72,52.2 2 0
pvz/mocks/service_mock.go:55.81,61.2 5 0
pvz/mocks/service_mock.go:64.72,67.2 2 0
pvz/mocks/service_mock.go:70.91,76.2 5 0
pvz/mocks/service_mock.go:79.82,82.2 2 0
pvz/mocks/service_mock.go:97.51,101.2 3 0
pvz/mocks/service_mock.go:104.49,106.2 1 0
pvz/mocks/service_mock.go:109.84,115.2 5 0
pvz/mocks/service_mock.go:118.69,121.2 2 0
pvz/mocks/service_mock.go:124.137,130.2 5 0
pvz/mocks/service_mock.go:133.100,136.2 2 0
pvz/mocks/service_mock.go:151.63,155.2 3 0
pvz/mocks/service_mock.go:158.61,160.2 1 0
pvz/mocks/service_mock.go:163.84,168.2 4 0
pvz/mocks/service_mock.go:171.82,174.2 2 0
pvz/mocks/service_mock.go:177.104,183.2 5 0
pvz/mocks/service_mock.go:186.83,189.2 2 0
pvz/mocks/service_mock.go:204.59,208.2 3 0
pvz/mocks/service_mock.go:211.57,213.2 1 0
pvz/mocks/service_mock.go:216.115,222.2 5 0
pvz/mocks/service_mock.go:225.89,228.2 2 0
pvz/mocks/service_mock.go:231.85,236.2 4 0
pvz/mocks/service_mock.go:239.83,242.2 2 0
pvz/server/server.go:13.63,22.2 2 0
pvz/server/server.go:24.54,26.2 1 0
pvz/cmd/main.go:20.13,24.38 2 0
pvz/cmd/main.go:24.38,26.3 1 0
pvz/cmd/main.go:27.2,32.37 3 0
pvz/cmd/main.go:32.37,34.3 1 0
pvz/cmd/main.go:37.2,37.40 1 0
pvz/cmd/main.go:37.40,39.3 1 0
pvz/cmd/main.go:42.2,50.16 2 0
pvz/cmd/main.go:50.16,52.3 1 0
pvz/cmd/main.go:55.2,61.80 5 0
pvz/cmd/main.go:61.80,63.3 1 0
pvz/cmd/main.go:66.25,70.2 3 0
pvz/internal/api/handler/handler.go:15.72,20.2 1 0
pvz/internal/api/handler/handler.go:22.44,36.2 11 0
pvz/internal/api/handler/product.go:13.46,16.47 2 0
pvz/internal/api/handler/product.go:16.47,20.3 3 0
pvz/internal/api/handler/product.go:22.2,23.16 2 0
pvz/internal/api/handler/product.go:23.16,27.3 3 0
pvz/internal/api/handler/product.go:29.2,32.16 3 0
pvz/internal/api/handler/product.go:32.16,36.3 3 0
pvz/internal/api/handler/product.go:38.2,40.40 2 0
pvz/internal/api/handler/product.go:43.53,46.16 3 0
pvz/internal/api/handler/product.go:46.16,50.3 3 0
pvz/internal/api/handler/product.go:52.2,55.16 3 0
pvz/internal/api/handler/product.go:55.16,59.3 3 0
pvz/internal/api/handler/product.go:61.2,63.78 2 0
pvz/internal/api/handler/pvz.go:15.45,18.47 2 0
pvz/internal/api/handler/pvz.go:18.47,22.3 3 0
pvz/internal/api/handler/pvz.go:24.2,29.16 4 0
pvz/internal/api/handler/pvz.go:29.16,33.3 3 0
pvz/internal/api/handler/pvz.go:35.2,38.41 3 0
pvz/internal/api/handler/pvz.go:41.42,51.16 7 0
pvz/internal/api/handler/pvz.go:51.16,55.3 3 0
pvz/internal/api/handler/pvz.go:57.2,58.16 2 0
pvz/internal/api/handler/pvz.go:58.16,62.3 3 0
pvz/internal/api/handler/pvz.go:64.2,66.24 2 0
pvz/internal/api/handler/pvz.go:66.24,68.17 2 0
pvz/internal/api/handler/pvz.go:68.17,72.4 3 0
pvz/internal/api/handler/pvz.go:73.3,73.16 1 0
pvz/internal/api/handler/pvz.go:76.2,76.22 1 0
pvz/internal/api/handler/pvz.go:76.22,78.17 2 0
pvz/internal/api/handler/pvz.go:78.17,82.4 3 0
pvz/internal/api/handler/pvz.go:83.3,83.14 1 0
pvz/internal/api/handler/pvz.go:86.2,87.16 2 0
pvz/internal/api/handler/pvz.go:87.16,91.3 3 0
pvz/internal/api/handler/pvz.go:93.2,94.31 2 0
pvz/internal/api/handler/pvz.go:97.56,104.33 2 0
pvz/internal/api/handler/pvz.go:104.33,105.52 1 0
pvz/internal/api/handler/pvz.go:105.52,107.4 1 0
pvz/internal/api/handler/pvz.go:109.2,110.54 2 0
pvz/internal/api/handler/reception.go:13.51,16.47 2 0
pvz/internal/api/handler/reception.go:16.47,20.3 3 0
pvz/internal/api/handler/reception.go:22.2,25.16 3 0
pvz/internal/api/handler/reception.go:25.16,29.3 3 0
pvz/internal/api/handler/reception.go:31.2,34.34 3 0
pvz/internal/api/handler/reception.go:37.50,40.16 3 0
pvz/internal/api/handler/reception.go:40.16,44.3 3 0
pvz/internal/api/handler/reception.go:46.2,49.16 3 0
pvz/internal/api/handler/reception.go:49.16,53.3 3 0
pvz/internal/api/handler/reception.go:55.2,57.74 2 0
pvz/internal/api/handler/user.go:11.46,14.47 2 0
pvz/internal/api/handler/user.go:14.47,18.3 3 0
pvz/internal/api/handler/user.go:20.2,21.16 2 0
pvz/internal/api/handler/user.go:21.16,25.3 3 0
pvz/internal/api/handler/user.go:27.2,28.46 2 0
pvz/internal/api/handler/user.go:31.44,34.47 2 0
pvz/internal/api/handler/user.go:34.47,38.3 3 0
pvz/internal/api/handler/user.go:40.2,43.16 3 0
pvz/internal/api/handler/user.go:43.16,47.3 3 0
pvz/internal/api/handler/user.go:49.2,52.34 3 0
pvz/internal/api/handler/user.go:55.41,58.47 2 0
pvz/internal/api/handler/user.go:58.47,62.3 3 0
pvz/internal/api/handler/user.go:64.2,65.16 2 0
pvz/internal/api/handler/user.go:65.16,69.3 3 0
pvz/internal/api/handler/user.go:71.2,72.46 2 0
pvz/internal/api/mapper/product.go:8.59,12.2 1 0
pvz/internal/api/mapper/product.go:14.72,21.2 1 0
pvz/internal/api/mapper/pvz.go:8.47,12.2 1 0
pvz/internal/api/mapper/pvz.go:14.56,20.2 1 0
pvz/internal/api/mapper/reception.go:9.65,11.16 2 0
pvz/internal/api/mapper/reception.go:11.16,13.3 1 0
pvz/internal/api/mapper/reception.go:15.2,17.3 1 0
pvz/internal/api/mapper/reception.go:20.80,27.2 1 0
pvz/internal/api/mapper/user.go:8.58,14.2 1 0
pvz/internal/api/mapper/user.go:16.68,22.2 1 0
pvz/internal/db/db.go:18.50,23.16 3 0
pvz/internal/db/db.go:23.16,25.3 1 0
pvz/internal/db/db.go:27.2,27.34 1 0
pvz/internal/db/db.go:27.34,29.3 1 0
pvz/internal/db/db.go:31.2,31.16 1 0
pvz/internal/logger/logger.go:30.19,66.2 19 0
pvz/internal/logger/logger.go:68.76,70.2 1 0
pvz/internal/logger/logger.go:72.77,74.2 1 0
pvz/internal/logger/logger.go:76.77,78.2 1 0
pvz/internal/logger/logger.go:80.76,82.2 1 0
pvz/internal/logger/logger.go:84.41,86.2 1 0
pvz/internal/logger/logger.go:88.72,91.2 2 0
pvz/internal/middleware/jwt/jwt.go:14.54,15.30 1 0
pvz/internal/middleware/jwt/jwt.go:15.30,17.23 2 0
pvz/internal/middleware/jwt/jwt.go:17.23,21.4 3 0
pvz/internal/middleware/jwt/jwt.go:23.3,24.29 2 0
pvz/internal/middleware/jwt/jwt.go:24.29,28.4 3 0
pvz/internal/middleware/jwt/jwt.go:30.3,30.113 1 0
pvz/internal/middleware/jwt/jwt.go:30.113,32.4 1 0
pvz/internal/middleware/jwt/jwt.go:33.3,33.33 1 0
pvz/internal/middleware/jwt/jwt.go:33.33,37.4 3 0
pvz/internal/middleware/jwt/jwt.go:39.3,40.10 2 0
pvz/internal/middleware/jwt/jwt.go:40.10,44.4 3 0
pvz/internal/middleware/jwt/jwt.go:46.3,46.30 1 0
pvz/internal/middleware/jwt/jwt.go:46.30,47.27 1 0
pvz/internal/middleware/jwt/jwt.go:47.27,52.5 4 0
pvz/internal/middleware/jwt/jwt.go:55.3,56.79 2 0
pvz/internal/repository/product.go:21.74,26.2 1 1
pvz/internal/repository/product.go:28.108,36.16 4 1
pvz/internal/repository/product.go:36.16,39.3 2 1
pvz/internal/repository/product.go:41.2,42.21 2 1
pvz/internal/repository/product.go:45.118,56.16 4 1
pvz/internal/repository/product.go:56.16,57.36 1 1
pvz/internal/repository/product.go:57.36,60.4 2 1
pvz/internal/repository/product.go:61.3,62.72 2 1
pvz/internal/repository/product.go:65.2,66.16 2 1
pvz/internal/repository/product.go:69.93,73.16 3 1
pvz/internal/repository/product.go:73.16,76.3 2 1
pvz/internal/repository/product.go:78.2,79.12 2 1
pvz/internal/repository/product.go:82.121,89.16 5 1
pvz/internal/repository/product.go:89.16,92.3 2 1
pvz/internal/repository/product.go:94.2,95.20 2 1
pvz/internal/repository/pvz.go:18.66,23.2 1 1
pvz/internal/repository/pvz.go:25.86,37.16 5 1
pvz/internal/repository/pvz.go:37.16,40.3 2 1
pvz/internal/repository/pvz.go:42.2,43.17 2 1
pvz/internal/repository/pvz.go:46.141,61.16 5 1
pvz/internal/repository/pvz.go:61.16,64.3 2 1
pvz/internal/repository/pvz.go:66.2,67.21 2 1
pvz/internal/repository/reception.go:20.78,25.2 1 1
pvz/internal/repository/reception.go:27.108,37.88 4 1
pvz/internal/repository/reception.go:37.88,40.3 2 1
pvz/internal/repository/reception.go:42.2,43.23 2 1
pvz/internal/repository/reception.go:46.109,56.16 4 1
pvz/internal/repository/reception.go:56.16,57.36 1 1
pvz/internal/repository/reception.go:57.36,60.4 2 1
pvz/internal/repository/reception.go:61.3,62.75 2 1
pvz/internal/repository/reception.go:65.2,66.25 2 1
pvz/internal/repository/reception.go:69.88,77.16 3 1
pvz/internal/repository/reception.go:77.16,80.3 2 1
pvz/internal/repository/reception.go:82.2,83.12 2 1
pvz/internal/repository/reception.go:86.115,93.16 5 1
pvz/internal/repository/reception.go:93.16,96.3 2 1
pvz/internal/repository/reception.go:98.2,99.24 2 1
pvz/internal/repository/repository.go:45.64,52.2 1 1
pvz/internal/repository/user.go:18.68,23.2 1 1
pvz/internal/repository/user.go:25.92,35.16 4 1
pvz/internal/repository/user.go:35.16,38.3 2 1
pvz/internal/repository/user.go:40.2,41.16 2 1
pvz/internal/repository/user.go:44.94,49.16 4 1
pvz/internal/repository/user.go:49.16,52.3 2 1
pvz/internal/repository/user.go:54.2,54.18 1 1
pvz/internal/service/product.go:19.127,25.2 1 0
pvz/internal/service/product.go:27.118,31.16 3 0
pvz/internal/service/product.go:31.16,34.3 2 0
pvz/internal/service/product.go:36.2,42.16 3 0
pvz/internal/service/product.go:42.16,45.3 2 0
pvz/internal/service/product.go:47.2,48.21 2 0
pvz/internal/service/product.go:51.88,55.16 3 0
pvz/internal/service/product.go:55.16,58.3 2 0
pvz/internal/service/product.go:59.2,59.29 1 0
pvz/internal/service/product.go:59.29,62.3 2 0
pvz/internal/service/product.go:64.2,65.16 2 0
pvz/internal/service/product.go:65.16,68.3 2 0
pvz/internal/service/product.go:69.2,69.31 1 0
pvz/internal/service/product.go:69.31,72.3 2 0
pvz/internal/service/product.go:74.2,75.16 2 0
pvz/internal/service/product.go:75.16,78.3 2 0
pvz/internal/service/product.go:80.2,81.12 2 0
pvz/internal/service/pvz.go:22.65,29.2 1 0
pvz/internal/service/pvz.go:31.87,35.16 3 0
pvz/internal/service/pvz.go:35.16,38.3 2 0
pvz/internal/service/pvz.go:40.2,41.17 2 0
pvz/internal/service/pvz.go:44.140,48.16 3 0
pvz/internal/service/pvz.go:48.16,51.3 2 0
pvz/internal/service/pvz.go:53.2,55.30 2 0
pvz/internal/service/pvz.go:55.30,59.17 3 0
pvz/internal/service/pvz.go:59.17,62.4 2 0
pvz/internal/service/pvz.go:64.3,66.34 2 0
pvz/internal/service/pvz.go:66.34,70.18 3 0
pvz/internal/service/pvz.go:70.18,73.5 2 0
pvz/internal/service/pvz.go:75.4,76.31 2 0
pvz/internal/service/pvz.go:76.31,83.5 1 0
pvz/internal/service/pvz.go:85.4,93.6 1 0
pvz/internal/service/pvz.go:96.3,105.62 2 0
pvz/internal/service/pvz.go:108.2,109.26 2 0
pvz/internal/service/reception.go:18.99,23.2 1 0
pvz/internal/service/reception.go:25.107,29.16 3 0
pvz/internal/service/reception.go:29.16,31.3 1 0
pvz/internal/service/reception.go:32.2,32.29 1 0
pvz/internal/service/reception.go:32.29,35.3 2 0
pvz/internal/service/reception.go:37.2,40.16 3 0
pvz/internal/service/reception.go:40.16,43.3 2 0
pvz/internal/service/reception.go:45.2,46.23 2 0
pvz/internal/service/reception.go:49.87,53.16 3 0
pvz/internal/service/reception.go:53.16,56.3 2 0
pvz/internal/service/reception.go:58.2,58.29 1 0
pvz/internal/service/reception.go:58.29,61.3 2 0
pvz/internal/service/reception.go:63.2,64.16 2 0
pvz/internal/service/reception.go:64.16,67.3 2 0
pvz/internal/service/reception.go:69.2,71.12 2 0
pvz/internal/service/service.go:42.75,49.2 1 0
pvz/internal/service/user.go:23.79,28.2 1 0
pvz/internal/service/user.go:30.92,32.16 2 0
pvz/internal/service/user.go:32.16,35.3 2 0
pvz/internal/service/user.go:37.2,40.16 3 0
pvz/internal/service/user.go:40.16,42.3 1 0
pvz/internal/service/user.go:44.2,46.18 3 0
pvz/internal/service/user.go:49.60,51.16 2 0
pvz/internal/service/user.go:51.16,53.3 1 0
pvz/internal/service/user.go:55.2,55.36 1 0
pvz/internal/service/user.go:58.94,60.16 2 0
pvz/internal/service/user.go:60.16,62.3 1 0
pvz/internal/service/user.go:64.2,64.94 1 0
pvz/internal/service/user.go:64.94,67.3 2 0
pvz/internal/service/user.go:69.2,81.16 4 0
pvz/internal/service/user.go:81.16,84.3 2 0
pvz/internal/service/user.go:86.2,87.25 2 0
pvz/internal/service/user.go:90.84,102.16 4 0
pvz/internal/service/user.go:102.16,105.3 2 0
pvz/internal/service/user.go:107.2,108.25 2 0
pvz/mocks/log_mock.go:11.70,13.2 1 1
pvz/mocks/log_mock.go:15.71,17.2 1 1
pvz/mocks/log_mock.go:19.71,21.2 1 0
pvz/mocks/log_mock.go:23.70,25.2 1 1
pvz/mocks/log_mock.go:27.35,30.2 2 0
pvz/mocks/repo_mock.go:16.96,19.2 2 0
pvz/mocks/repo_mock.go:21.98,24.2 2 0
pvz/mocks/repo_mock.go:30.92,33.2 2 0
pvz/mocks/repo_mock.go:35.147,37.24 2 0
pvz/mocks/repo_mock.go:37.24,39.3 1 0
pvz/mocks/repo_mock.go:40.2,40.49 1 0
pvz/mocks/repo_mock.go:47.121,49.24 2 0
pvz/mocks/repo_mock.go:49.24,51.3 1 0
pvz/mocks/repo_mock.go:52.2,52.55 1 0
pvz/mocks/repo_mock.go:55.114,58.2 2 0
pvz/mocks/repo_mock.go:60.115,63.2 2 0
pvz/mocks/repo_mock.go:65.94,68.2 2 0
pvz/mocks/repo_mock.go:74.127,76.24 2 0
pvz/mocks/repo_mock.go:76.24,78.3 1 0
pvz/mocks/repo_mock.go:79.2,79.53 1 0
pvz/mocks/repo_mock.go:82.114,85.2 2 0
pvz/mocks/repo_mock.go:87.124,90.2 2 0
pvz/mocks/repo_mock.go:92.99,95.2 2 0
pvz/mocks/service_mock.go:28.53,32.2 3 0
pvz/mocks/service_mock.go:35.51,37.2 1 0
pvz/mocks/service_mock.go:40.89,46.2 5 0
pvz/mocks/service_mock.go:49.72,52.2 2 0
pvz/mocks/service_mock.go:55.81,61.2 5 0
pvz/mocks/service_mock.go:64.72,67.2 2 0
pvz/mocks/service_mock.go:70.91,76.2 5 0
pvz/mocks/service_mock.go:79.82,82.2 2 0
pvz/mocks/service_mock.go:97.51,101.2 3 0
pvz/mocks/service_mock.go:104.49,106.2 1 0
pvz/mocks/service_mock.go:109.84,115.2 5 0
pvz/mocks/service_mock.go:118.69,121.2 2 0
pvz/mocks/service_mock.go:124.137,130.2 5 0
pvz/mocks/service_mock.go:133.100,136.2 2 0
pvz/mocks/service_mock.go:151.63,155.2 3 0
pvz/mocks/service_mock.go:158.61,160.2 1 0
pvz/mocks/service_mock.go:163.84,168.2 4 0
pvz/mocks/service_mock.go:171.82,174.2 2 0
pvz/mocks/service_mock.go:177.104,183.2 5 0
pvz/mocks/service_mock.go:186.83,189.2 2 0
pvz/mocks/service_mock.go:204.59,208.2 3 0
pvz/mocks/service_mock.go:211.57,213.2 1 0
pvz/mocks/service_mock.go:216.115,222.2 5 0
pvz/mocks/service_mock.go:225.89,228.2 2 0
pvz/mocks/service_mock.go:231.85,236.2 4 0
pvz/mocks/service_mock.go:239.83,242.2 2 0
pvz/server/server.go:13.63,22.2 2 0
pvz/server/server.go:24.54,26.2 1 0
pvz/cmd/main.go:20.13,24.38 2 0
pvz/cmd/main.go:24.38,26.3 1 0
pvz/cmd/main.go:27.2,32.37 3 0
pvz/cmd/main.go:32.37,34.3 1 0
pvz/cmd/main.go:37.2,37.40 1 0
pvz/cmd/main.go:37.40,39.3 1 0
pvz/cmd/main.go:42.2,50.16 2 0
pvz/cmd/main.go:50.16,52.3 1 0
pvz/cmd/main.go:55.2,61.80 5 0
pvz/cmd/main.go:61.80,63.3 1 0
pvz/cmd/main.go:66.25,70.2 3 0
pvz/internal/api/handler/handler.go:15.72,20.2 1 0
pvz/internal/api/handler/handler.go:22.44,36.2 11 0
pvz/internal/api/handler/product.go:13.46,16.47 2 0
pvz/internal/api/handler/product.go:16.47,20.3 3 0
pvz/internal/api/handler/product.go:22.2,23.16 2 0
pvz/internal/api/handler/product.go:23.16,27.3 3 0
pvz/internal/api/handler/product.go:29.2,32.16 3 0
pvz/internal/api/handler/product.go:32.16,36.3 3 0
pvz/internal/api/handler/product.go:38.2,40.40 2 0
pvz/internal/api/handler/product.go:43.53,46.16 3 0
pvz/internal/api/handler/product.go:46.16,50.3 3 0
pvz/internal/api/handler/product.go:52.2,55.16 3 0
pvz/internal/api/handler/product.go:55.16,59.3 3 0
pvz/internal/api/handler/product.go:61.2,63.78 2 0
pvz/internal/api/handler/pvz.go:15.45,18.47 2 0
pvz/internal/api/handler/pvz.go:18.47,22.3 3 0
pvz/internal/api/handler/pvz.go:24.2,29.16 4 0
pvz/internal/api/handler/pvz.go:29.16,33.3 3 0
pvz/internal/api/handler/pvz.go:35.2,38.41 3 0
pvz/internal/api/handler/pvz.go:41.42,51.16 7 0
pvz/internal/api/handler/pvz.go:51.16,55.3 3 0
pvz/internal/api/handler/pvz.go:57.2,58.16 2 0
pvz/internal/api/handler/pvz.go:58.16,62.3 3 0
pvz/internal/api/handler/pvz.go:64.2,66.24 2 0
pvz/internal/api/handler/pvz.go:66.24,68.17 2 0
pvz/internal/api/handler/pvz.go:68.17,72.4 3 0
pvz/internal/api/handler/pvz.go:73.3,73.16 1 0
pvz/internal/api/handler/pvz.go:76.2,76.22 1 0
pvz/internal/api/handler/pvz.go:76.22,78.17 2 0
pvz/internal/api/handler/pvz.go:78.17,82.4 3 0
pvz/internal/api/handler/pvz.go:83.3,83.14 1 0
pvz/internal/api/handler/pvz.go:86.2,87.16 2 0
pvz/internal/api/handler/pvz.go:87.16,91.3 3 0
pvz/internal/api/handler/pvz.go:93.2,94.31 2 0
pvz/internal/api/handler/pvz.go:97.56,104.33 2 0
pvz/internal/api/handler/pvz.go:104.33,105.52 1 0
pvz/internal/api/handler/pvz.go:105.52,107.4 1 0
pvz/internal/api/handler/pvz.go:109.2,110.54 2 0
pvz/internal/api/handler/reception.go:13.51,16.47 2 0
pvz/internal/api/handler/reception.go:16.47,20.3 3 0
pvz/internal/api/handler/reception.go:22.2,25.16 3 0
pvz/internal/api/handler/reception.go:25.16,29.3 3 0
pvz/internal/api/handler/reception.go:31.2,34.34 3 0
pvz/internal/api/handler/reception.go:37.50,40.16 3 0
pvz/internal/api/handler/reception.go:40.16,44.3 3 0
pvz/internal/api/handler/reception.go:46.2,49.16 3 0
pvz/internal/api/handler/reception.go:49.16,53.3 3 0
pvz/internal/api/handler/reception.go:55.2,57.74 2 0
pvz/internal/api/handler/user.go:11.46,14.47 2 0
pvz/internal/api/handler/user.go:14.47,18.3 3 0
pvz/internal/api/handler/user.go:20.2,21.16 2 0
pvz/internal/api/handler/user.go:21.16,25.3 3 0
pvz/internal/api/handler/user.go:27.2,28.46 2 0
pvz/internal/api/handler/user.go:31.44,34.47 2 0
pvz/internal/api/handler/user.go:34.47,38.3 3 0
pvz/internal/api/handler/user.go:40.2,43.16 3 0
pvz/internal/api/handler/user.go:43.16,47.3 3 0
pvz/internal/api/handler/user.go:49.2,52.34 3 0
pvz/internal/api/handler/user.go:55.41,58.47 2 0
pvz/internal/api/handler/user.go:58.47,62.3 3 0
pvz/internal/api/handler/user.go:64.2,65.16 2 0
pvz/internal/api/handler/user.go:65.16,69.3 3 0
pvz/internal/api/handler/user.go:71.2,72.46 2 0
pvz/internal/api/mapper/product.go:8.59,12.2 1 0
pvz/internal/api/mapper/product.go:14.72,21.2 1 0
pvz/internal/api/mapper/pvz.go:8.47,12.2 1 0
pvz/internal/api/mapper/pvz.go:14.56,20.2 1 0
pvz/internal/api/mapper/reception.go:9.65,11.16 2 0
pvz/internal/api/mapper/reception.go:11.16,13.3 1 0
pvz/internal/api/mapper/reception.go:15.2,17.3 1 0
pvz/internal/api/mapper/reception.go:20.80,27.2 1 0
pvz/internal/api/mapper/user.go:8.58,14.2 1 0
pvz/internal/api/mapper/user.go:16.68,22.2 1 0
pvz/internal/db/db.go:18.50,23.16 3 0
pvz/internal/db/db.go:23.16,25.3 1 0
pvz/internal/db/db.go:27.2,27.34 1 0
pvz/internal/db/db.go:27.34,29.3 1 0
pvz/internal/db/db.go:31.2,31.16 1 0
pvz/internal/logger/logger.go:30.19,66.2 19 0
pvz/internal/logger/logger.go:68.76,70.2 1 0
pvz/internal/logger/logger.go:72.77,74.2 1 0
pvz/internal/logger/logger.go:76.77,78.2 1 0
pvz/internal/logger/logger.go:80.76,82.2 1 0
pvz/internal/logger/logger.go:84.41,86.2 1 0
pvz/internal/logger/logger.go:88.72,91.2 2 0
pvz/internal/middleware/jwt/jwt.go:14.54,15.30 1 0
pvz/internal/middleware/jwt/jwt.go:15.30,17.23 2 0
pvz/internal/middleware/jwt/jwt.go:17.23,21.4 3 0
pvz/internal/middleware/jwt/jwt.go:23.3,24.29 2 0
pvz/internal/middleware/jwt/jwt.go:24.29,28.4 3 0
pvz/internal/middleware/jwt/jwt.go:30.3,30.113 1 0
pvz/internal/middleware/jwt/jwt.go:30.113,32.4 1 0
pvz/internal/middleware/jwt/jwt.go:33.3,33.33 1 0
pvz/internal/middleware/jwt/jwt.go:33.33,37.4 3 0
pvz/internal/middleware/jwt/jwt.go:39.3,40.10 2 0
pvz/internal/middleware/jwt/jwt.go:40.10,44.4 3 0
pvz/internal/middleware/jwt/jwt.go:46.3,46.30 1 0
pvz/internal/middleware/jwt/jwt.go:46.30,47.27 1 0
pvz/internal/middleware/jwt/jwt.go:47.27,52.5 4 0
pvz/internal/middleware/jwt/jwt.go:55.3,56.79 2 0
pvz/internal/repository/product.go:21.74,26.2 1 0
pvz/internal/repository/product.go:28.108,36.16 4 0
pvz/internal/repository/product.go:36.16,39.3 2 0
pvz/internal/repository/product.go:41.2,42.21 2 0
pvz/internal/repository/product.go:45.118,56.16 4 0
pvz/internal/repository/product.go:56.16,57.36 1 0
pvz/internal/repository/product.go:57.36,60.4 2 0
pvz/internal/repository/product.go:61.3,62.72 2 0
pvz/internal/repository/product.go:65.2,66.16 2 0
pvz/internal/repository/product.go:69.93,73.16 3 0
pvz/internal/repository/product.go:73.16,76.3 2 0
pvz/internal/repository/product.go:78.2,79.12 2 0
pvz/internal/repository/product.go:82.121,89.16 5 0
pvz/internal/repository/product.go:89.16,92.3 2 0
pvz/internal/repository/product.go:94.2,95.20 2 0
pvz/internal/repository/pvz.go:18.66,23.2 1 0
pvz/internal/repository/pvz.go:25.86,37.16 5 0
pvz/internal/repository/pvz.go:37.16,40.3 2 0
pvz/internal/repository/pvz.go:42.2,43.17 2 0
pvz/internal/repository/pvz.go:46.141,61.16 5 0
pvz/internal/repository/pvz.go:61.16,64.3 2 0
pvz/internal/repository/pvz.go:66.2,67.21 2 0
pvz/internal/repository/reception.go:20.78,25.2 1 0
pvz/internal/repository/reception.go:27.108,37.88 4 0
pvz/internal/repository/reception.go:37.88,40.3 2 0
pvz/internal/repository/reception.go:42.2,43.23 2 0
pvz/internal/repository/reception.go:46.109,56.16 4 0
pvz/internal/repository/reception.go:56.16,57.36 1 0
pvz/internal/repository/reception.go:57.36,60.4 2 0
pvz/internal/repository/reception.go:61.3,62.75 2 0
pvz/internal/repository/reception.go:65.2,66.25 2 0
pvz/internal/repository/reception.go:69.88,77.16 3 0
pvz/internal/repository/reception.go:77.16,80.3 2 0
pvz/internal/repository/reception.go:82.2,83.12 2 0
pvz/internal/repository/reception.go:86.115,93.16 5 0
pvz/internal/repository/reception.go:93.16,96.3 2 0
pvz/internal/repository/reception.go:98.2,99.24 2 0
pvz/internal/repository/repository.go:45.64,52.2 1 0
pvz/internal/repository/user.go:18.68,23.2 1 0
pvz/internal/repository/user.go:25.92,35.16 4 0
pvz/internal/repository/user.go:35.16,38.3 2 0
pvz/internal/repository/user.go:40.2,41.16 2 0
pvz/internal/repository/user.go:44.94,49.16 4 0
pvz/internal/repository/user.go:49.16,52.3 2 0
pvz/internal/repository/user.go:54.2,54.18 1 0
pvz/internal/service/product.go:19.127,25.2 1 1
pvz/internal/service/product.go:27.118,31.16 3 1
pvz/internal/service/product.go:31.16,34.3 2 1
pvz/internal/service/product.go:36.2,42.16 3 1
pvz/internal/service/product.go:42.16,45.3 2 1
pvz/internal/service/product.go:47.2,48.21 2 1
pvz/internal/service/product.go:51.88,55.16 3 1
pvz/internal/service/product.go:55.16,58.3 2 1
pvz/internal/service/product.go:59.2,59.29 1 1
pvz/internal/service/product.go:59.29,62.3 2 1
pvz/internal/service/product.go:64.2,65.16 2 1
pvz/internal/service/product.go:65.16,68.3 2 0
pvz/internal/service/product.go:69.2,69.31 1 1
pvz/internal/service/product.go:69.31,72.3 2 1
pvz/internal/service/product.go:74.2,75.16 2 1
pvz/internal/service/product.go:75.16,78.3 2 1
pvz/internal/service/product.go:80.2,81.12 2 1
pvz/internal/service/pvz.go:22.65,29.2 1 1
pvz/internal/service/pvz.go:31.87,35.16 3 1
pvz/internal/service/pvz.go:35.16,38.3 2 1
pvz/internal/service/pvz.go:40.2,41.17 2 1
pvz/internal/service/pvz.go:44.140,48.16 3 1
pvz/internal/service/pvz.go:48.16,51.3 2 1
pvz/internal/service/pvz.go:53.2,55.30 2 1
pvz/internal/service/pvz.go:55.30,59.17 3 1
pvz/internal/service/pvz.go:59.17,62.4 2 1
pvz/internal/service/pvz.go:64.3,66.34 2 1
pvz/internal/service/pvz.go:66.34,70.18 3 1
pvz/internal/service/pvz.go:70.18,73.5 2 1
pvz/internal/service/pvz.go:75.4,76.31 2 1
pvz/internal/service/pvz.go:76.31,83.5 1 1
pvz/internal/service/pvz.go:85.4,93.6 1 1
pvz/internal/service/pvz.go:96.3,105.62 2 1
pvz/internal/service/pvz.go:108.2,109.26 2 1
pvz/internal/service/reception.go:18.99,23.2 1 1
pvz/internal/service/reception.go:25.107,29.16 3 1
pvz/internal/service/reception.go:29.16,31.3 1 1
pvz/internal/service/reception.go:32.2,32.29 1 1
pvz/internal/service/reception.go:32.29,35.3 2 1
pvz/internal/service/reception.go:37.2,40.16 3 1
pvz/internal/service/reception.go:40.16,43.3 2 1
pvz/internal/service/reception.go:45.2,46.23 2 1
pvz/internal/service/reception.go:49.87,53.16 3 1
pvz/internal/service/reception.go:53.16,56.3 2 1
pvz/internal/service/reception.go:58.2,58.29 1 1
pvz/internal/service/reception.go:58.29,61.3 2 1
pvz/internal/service/reception.go:63.2,64.16 2 1
pvz/internal/service/reception.go:64.16,67.3 2 1
pvz/internal/service/reception.go:69.2,71.12 2 1
pvz/internal/service/service.go:42.75,49.2 1 0
pvz/internal/service/user.go:23.79,28.2 1 1
pvz/internal/service/user.go:30.92,32.16 2 1
pvz/internal/service/user.go:32.16,35.3 2 1
pvz/internal/service/user.go:37.2,40.16 3 1
pvz/internal/service/user.go:40.16,42.3 1 1
pvz/internal/service/user.go:44.2,46.18 3 1
pvz/internal/service/user.go:49.60,51.16 2 1
pvz/internal/service/user.go:51.16,53.3 1 1
pvz/internal/service/user.go:55.2,55.36 1 1
pvz/internal/service/user.go:58.94,60.16 2 1
pvz/internal/service/user.go:60.16,62.3 1 1
pvz/internal/service/user.go:64.2,64.94 1 1
pvz/internal/service/user.go:64.94,67.3 2 1
pvz/internal/service/user.go:69.2,81.16 4 1
pvz/internal/service/user.go:81.16,84.3 2 0
pvz/internal/service/user.go:86.2,87.25 2 1
pvz/internal/service/user.go:90.84,102.16 4 1
pvz/internal/service/user.go:102.16,105.3 2 0
pvz/internal/service/user.go:107.2,108.25 2 1
pvz/mocks/log_mock.go:11.70,13.2 1 1
pvz/mocks/log_mock.go:15.71,17.2 1 1
pvz/mocks/log_mock.go:19.71,21.2 1 0
pvz/mocks/log_mock.go:23.70,25.2 1 1
pvz/mocks/log_mock.go:27.35,30.2 2 0
pvz/mocks/repo_mock.go:16.96,19.2 2 1
pvz/mocks/repo_mock.go:21.98,24.2 2 1
pvz/mocks/repo_mock.go:30.92,33.2 2 1
pvz/mocks/repo_mock.go:35.147,37.24 2 1
pvz/mocks/repo_mock.go:37.24,39.3 1 1
pvz/mocks/repo_mock.go:40.2,40.49 1 1
pvz/mocks/repo_mock.go:47.121,49.24 2 1
pvz/mocks/repo_mock.go:49.24,51.3 1 1
pvz/mocks/repo_mock.go:52.2,52.55 1 1
pvz/mocks/repo_mock.go:55.114,58.2 2 1
pvz/mocks/repo_mock.go:60.115,63.2 2 1
pvz/mocks/repo_mock.go:65.94,68.2 2 1
pvz/mocks/repo_mock.go:74.127,76.24 2 1
pvz/mocks/repo_mock.go:76.24,78.3 1 1
pvz/mocks/repo_mock.go:79.2,79.53 1 1
pvz/mocks/repo_mock.go:82.114,85.2 2 1
pvz/mocks/repo_mock.go:87.124,90.2 2 1
pvz/mocks/repo_mock.go:92.99,95.2 2 1
pvz/mocks/service_mock.go:28.53,32.2 3 0
pvz/mocks/service_mock.go:35.51,37.2 1 0
pvz/mocks/service_mock.go:40.89,46.2 5 0
pvz/mocks/service_mock.go:49.72,52.2 2 0
pvz/mocks/service_mock.go:55.81,61.2 5 0
pvz/mocks/service_mock.go:64.72,67.2 2 0
pvz/mocks/service_mock.go:70.91,76.2 5 0
pvz/mocks/service_mock.go:79.82,82.2 2 0
pvz/mocks/service_mock.go:97.51,101.2 3 0
pvz/mocks/service_mock.go:104.49,106.2 1 0
pvz/mocks/service_mock.go:109.84,115.2 5 0
pvz/mocks/service_mock.go:118.69,121.2 2 0
pvz/mocks/service_mock.go:124.137,130.2 5 0
pvz/mocks/service_mock.go:133.100,136.2 2 0
pvz/mocks/service_mock.go:151.63,155.2 3 0
pvz/mocks/service_mock.go:158.61,160.2 1 0
pvz/mocks/service_mock.go:163.84,168.2 4 0
pvz/mocks/service_mock.go:171.82,174.2 2 0
pvz/mocks/service_mock.go:177.104,183.2 5 0
pvz/mocks/service_mock.go:186.83,189.2 2 0
pvz/mocks/service_mock.go:204.59,208.2 3 0
pvz/mocks/service_mock.go:211.57,213.2 1 0
pvz/mocks/service_mock.go:216.115,222.2 5 0
pvz/mocks/service_mock.go:225.89,228.2 2 0
pvz/mocks/service_mock.go:231.85,236.2 4 0
pvz/mocks/service_mock.go:239.83,242.2 2 0
pvz/server/server.go:13.63,22.2 2 0
pvz/server/server.go:24.54,26.2 1 0
